<?xml version="1.0" encoding="UTF-8"?>
<!-- Generated by org.testng.reporters.JUnitXMLReporter -->
<testsuite hostname="sheridan-PC" name="Default test" tests="3" failures="0" timestamp="7 Mar 2016 02:53:06 GMT" time="31.036" errors="0">
  <testcase name="IncorectPassword" time="11.437" classname="com.mlb.Assesment.MlbProject.FlowOneLogin"/>
  <testcase name="IncorectUsername" time="3.58" classname="com.mlb.Assesment.MlbProject.FlowOneLogin"/>
  <testcase name="Login" time="8.069" classname="com.mlb.Assesment.MlbProject.FlowOneLogin"/>
</testsuite> <!-- Default test -->
