<?xml version="1.0" encoding="UTF-8"?>
<testng-results skipped="0" failed="0" total="3" passed="3">
  <reporter-output>
  </reporter-output>
  <suite name="Default suite" duration-ms="31036" started-at="2016-03-07T02:52:35Z" finished-at="2016-03-07T02:53:06Z">
    <groups>
    </groups>
    <test name="Default test" duration-ms="31036" started-at="2016-03-07T02:52:35Z" finished-at="2016-03-07T02:53:06Z">
      <class name="com.mlb.Assesment.MlbProject.FlowOneLogin">
        <test-method status="PASS" signature="setUp()[pri:0, instance:com.mlb.Assesment.MlbProject.FlowOneLogin@d041cf]" name="setUp" is-config="true" duration-ms="6853" started-at="2016-03-06T18:52:35Z" finished-at="2016-03-06T18:52:42Z">
          <reporter-output>
          </reporter-output>
        </test-method> <!-- setUp -->
        <test-method status="PASS" signature="IncorectPassword()[pri:0, instance:com.mlb.Assesment.MlbProject.FlowOneLogin@d041cf]" name="IncorectPassword" duration-ms="11437" started-at="2016-03-06T18:52:42Z" finished-at="2016-03-06T18:52:53Z">
          <reporter-output>
          </reporter-output>
        </test-method> <!-- IncorectPassword -->
        <test-method status="PASS" signature="IncorectUsername()[pri:0, instance:com.mlb.Assesment.MlbProject.FlowOneLogin@d041cf]" name="IncorectUsername" duration-ms="3580" started-at="2016-03-06T18:52:53Z" finished-at="2016-03-06T18:52:57Z">
          <reporter-output>
          </reporter-output>
        </test-method> <!-- IncorectUsername -->
        <test-method status="PASS" signature="Login()[pri:0, instance:com.mlb.Assesment.MlbProject.FlowOneLogin@d041cf]" name="Login" duration-ms="8069" started-at="2016-03-06T18:52:57Z" finished-at="2016-03-06T18:53:05Z">
          <reporter-output>
          </reporter-output>
        </test-method> <!-- Login -->
        <test-method status="PASS" signature="tearDown()[pri:0, instance:com.mlb.Assesment.MlbProject.FlowOneLogin@d041cf]" name="tearDown" is-config="true" duration-ms="947" started-at="2016-03-06T18:53:05Z" finished-at="2016-03-06T18:53:06Z">
          <reporter-output>
          </reporter-output>
        </test-method> <!-- tearDown -->
      </class> <!-- com.mlb.Assesment.MlbProject.FlowOneLogin -->
    </test> <!-- Default test -->
  </suite> <!-- Default suite -->
</testng-results>
